<?xml version="1.0" encoding="UTF-8"?>
<!-- Generated by org.testng.reporters.JUnitReportReporter -->
<testsuite hostname="MSI" failures="0" tests="1" name="TestNGPack.Sumo" time="0.002" errors="0" timestamp="2022-06-04T15:09:01 CHAST" skipped="0">
  <testcase classname="TestNGPack.Sumo" name="a" time="0.002"/>
  <system-out>
    <![CDATA[Sumo class method]]>
  </system-out>
</testsuite> <!-- TestNGPack.Sumo -->
