<?xml version="1.0" encoding="UTF-8"?>
<!-- Generated by org.testng.reporters.JUnitReportReporter -->
<testsuite hostname="MSI" failures="0" tests="1" name="TestNGPack.Remo" time="0.008" errors="0" timestamp="2022-06-04T15:09:01 CHAST" skipped="0">
  <testcase classname="TestNGPack.Remo" name="b" time="0.008"/>
  <system-out>
    <![CDATA[Remo class method]]>
  </system-out>
</testsuite> <!-- TestNGPack.Remo -->
