<?xml version="1.0" encoding="UTF-8"?>
<!-- Generated by org.testng.reporters.JUnitReportReporter -->
<testsuite hostname="MSI" failures="0" tests="1" name="TestNGPack.Demo" time="0.001" errors="0" timestamp="2022-06-04T15:09:01 CHAST" skipped="0">
  <testcase classname="TestNGPack.Demo" name="c" time="0.001"/>
  <system-out>
    <![CDATA[Demo class method]]>
  </system-out>
</testsuite> <!-- TestNGPack.Demo -->
